<?xml version="1.0" encoding="UTF-8"?>
<!-- Generated by org.testng.reporters.JUnitReportReporter -->
<testsuite name="testBKP.com.test.TestNGTest" tests="1" time="0.008" ignored="0" failures="0" timestamp="03 Dec 2019 09:40:55 GMT" skipped="0" hostname="ISCHLAPHP17139" errors="0">
  <testcase name="test" time="0.008" classname="testBKP.com.test.TestNGTest"/>
</testsuite> <!-- testBKP.com.test.TestNGTest -->
